encode start
encode done
unet forward start
unet forward done
vae decode start
vae decode done
loss start
loss done
gather start
gather done
encode start
encode done
unet forward start
unet forward done
vae decode start
vae decode done
loss start
loss done
gather start
encode start
encode done
unet forward start
unet forward done
vae decode start
vae decode done
loss start
loss done
gather start
gather done
encode start
encode done
unet forward start
unet forward done
vae decode start
vae decode done
loss start
loss done
gather start
encode start
encode done
unet forward start
unet hidden states done
input concat done
unet forward done
vae decode start
vae decode done
loss start
loss done
gather start
gather done
encode start
encode done
unet forward start
unet hidden states done
input concat done
unet forward done
vae decode start
vae decode done
loss start
loss done
gather start
gather done
encode start
encode done
unet forward start
unet hidden states done
input concat done
